<?xml version="1.0" encoding="UTF-8"?>
<coverage generated="1669580859778" clover="3.2.0">
  <project timestamp="1669580859779" name="All files">
    <metrics statements="64" coveredstatements="60" conditionals="20" coveredconditionals="17" methods="19" coveredmethods="18" elements="103" coveredelements="95" complexity="0" loc="64" ncloc="64" packages="1" files="2" classes="2"/>
    <file name="AccountDao.js" path="D:\source\tokenService\src\main\AccountDao.js">
      <metrics statements="21" coveredstatements="17" conditionals="4" coveredconditionals="3" methods="11" coveredmethods="10"/>
      <line num="1" count="1" type="stmt"/>
      <line num="2" count="1" type="stmt"/>
      <line num="5" count="11" type="cond" truecount="2" falsecount="0"/>
      <line num="6" count="10" type="stmt"/>
      <line num="10" count="4" type="stmt"/>
      <line num="14" count="3" type="cond" truecount="1" falsecount="1"/>
      <line num="15" count="3" type="stmt"/>
      <line num="19" count="2" type="stmt"/>
      <line num="24" count="1" type="stmt"/>
      <line num="26" count="1" type="stmt"/>
      <line num="27" count="1" type="stmt"/>
      <line num="32" count="1" type="stmt"/>
      <line num="36" count="4" type="stmt"/>
      <line num="40" count="3" type="stmt"/>
      <line num="44" count="2" type="stmt"/>
      <line num="48" count="1" type="stmt"/>
      <line num="52" count="0" type="stmt"/>
      <line num="53" count="0" type="stmt"/>
      <line num="54" count="0" type="stmt"/>
      <line num="56" count="0" type="stmt"/>
      <line num="60" count="1" type="stmt"/>
    </file>
    <file name="server.js" path="D:\source\tokenService\src\main\server.js">
      <metrics statements="43" coveredstatements="43" conditionals="16" coveredconditionals="14" methods="8" coveredmethods="8"/>
      <line num="1" count="1" type="stmt"/>
      <line num="2" count="1" type="stmt"/>
      <line num="3" count="1" type="stmt"/>
      <line num="4" count="1" type="stmt"/>
      <line num="6" count="1" type="stmt"/>
      <line num="7" count="1" type="stmt"/>
      <line num="9" count="1" type="stmt"/>
      <line num="10" count="8" type="stmt"/>
      <line num="11" count="8" type="stmt"/>
      <line num="12" count="8" type="stmt"/>
      <line num="16" count="1" type="stmt"/>
      <line num="19" count="1" type="stmt"/>
      <line num="20" count="1" type="stmt"/>
      <line num="22" count="1" type="stmt"/>
      <line num="23" count="1" type="stmt"/>
      <line num="24" count="1" type="stmt"/>
      <line num="25" count="1" type="stmt"/>
      <line num="28" count="1" type="stmt"/>
      <line num="29" count="4" type="stmt"/>
      <line num="30" count="4" type="cond" truecount="2" falsecount="0"/>
      <line num="31" count="3" type="stmt"/>
      <line num="32" count="4" type="stmt"/>
      <line num="33" count="4" type="cond" truecount="2" falsecount="0"/>
      <line num="34" count="1" type="stmt"/>
      <line num="35" count="1" type="stmt"/>
      <line num="39" count="3" type="stmt"/>
      <line num="40" count="3" type="stmt"/>
      <line num="43" count="1" type="stmt"/>
      <line num="44" count="3" type="cond" truecount="2" falsecount="0"/>
      <line num="45" count="2" type="stmt"/>
      <line num="46" count="2" type="stmt"/>
      <line num="50" count="4" type="cond" truecount="1" falsecount="1"/>
      <line num="51" count="4" type="stmt"/>
      <line num="52" count="4" type="stmt"/>
      <line num="53" count="5" type="cond" truecount="4" falsecount="0"/>
      <line num="54" count="1" type="stmt"/>
      <line num="57" count="3" type="stmt"/>
      <line num="61" count="3" type="cond" truecount="1" falsecount="1"/>
      <line num="62" count="3" type="stmt"/>
      <line num="63" count="4" type="cond" truecount="2" falsecount="0"/>
      <line num="64" count="1" type="stmt"/>
      <line num="67" count="2" type="stmt"/>
      <line num="76" count="1" type="stmt"/>
    </file>
  </project>
</coverage>
