{"D:\\source\\tokenService\\src\\main\\AccountDao.js": {"path":"D:\\source\\tokenService\\src\\main\\AccountDao.js","statementMap":{"0":{"start":{"line":1,"column":13},"end":{"line":1,"column":30}},"1":{"start":{"line":2,"column":11},"end":{"line":2,"column":31}},"2":{"start":{"line":5,"column":4},"end":{"line":6,"column":29}},"3":{"start":{"line":5,"column":25},"end":{"line":5,"column":37}},"4":{"start":{"line":6,"column":9},"end":{"line":6,"column":29}},"5":{"start":{"line":10,"column":4},"end":{"line":10,"column":35}},"6":{"start":{"line":14,"column":4},"end":{"line":15,"column":31}},"7":{"start":{"line":14,"column":25},"end":{"line":14,"column":37}},"8":{"start":{"line":15,"column":9},"end":{"line":15,"column":31}},"9":{"start":{"line":19,"column":4},"end":{"line":19,"column":42}},"10":{"start":{"line":24,"column":8},"end":{"line":24,"column":78}},"11":{"start":{"line":26,"column":8},"end":{"line":26,"column":107}},"12":{"start":{"line":27,"column":8},"end":{"line":27,"column":107}},"13":{"start":{"line":32,"column":8},"end":{"line":32,"column":49}},"14":{"start":{"line":36,"column":8},"end":{"line":36,"column":85}},"15":{"start":{"line":40,"column":8},"end":{"line":40,"column":93}},"16":{"start":{"line":44,"column":8},"end":{"line":44,"column":96}},"17":{"start":{"line":48,"column":8},"end":{"line":48,"column":59}},"18":{"start":{"line":52,"column":23},"end":{"line":52,"column":25}},"19":{"start":{"line":53,"column":8},"end":{"line":55,"column":9}},"20":{"start":{"line":53,"column":18},"end":{"line":53,"column":19}},"21":{"start":{"line":54,"column":12},"end":{"line":54,"column":71}},"22":{"start":{"line":56,"column":8},"end":{"line":56,"column":23}},"23":{"start":{"line":60,"column":0},"end":{"line":60,"column":28}}},"fnMap":{"0":{"name":"tidyResult","decl":{"start":{"line":4,"column":9},"end":{"line":4,"column":19}},"loc":{"start":{"line":4,"column":28},"end":{"line":7,"column":1}},"line":4},"1":{"name":"tidyResults","decl":{"start":{"line":9,"column":9},"end":{"line":9,"column":20}},"loc":{"start":{"line":9,"column":30},"end":{"line":11,"column":1}},"line":9},"2":{"name":"tidyAccountResult","decl":{"start":{"line":13,"column":9},"end":{"line":13,"column":26}},"loc":{"start":{"line":13,"column":35},"end":{"line":16,"column":1}},"line":13},"3":{"name":"tidyAccountResults","decl":{"start":{"line":18,"column":9},"end":{"line":18,"column":27}},"loc":{"start":{"line":18,"column":37},"end":{"line":20,"column":1}},"line":18},"4":{"name":"(anonymous_4)","decl":{"start":{"line":23,"column":4},"end":{"line":23,"column":5}},"loc":{"start":{"line":23,"column":18},"end":{"line":29,"column":5}},"line":23},"5":{"name":"(anonymous_5)","decl":{"start":{"line":31,"column":4},"end":{"line":31,"column":5}},"loc":{"start":{"line":31,"column":11},"end":{"line":33,"column":5}},"line":31},"6":{"name":"(anonymous_6)","decl":{"start":{"line":35,"column":4},"end":{"line":35,"column":5}},"loc":{"start":{"line":35,"column":21},"end":{"line":37,"column":5}},"line":35},"7":{"name":"(anonymous_7)","decl":{"start":{"line":39,"column":4},"end":{"line":39,"column":5}},"loc":{"start":{"line":39,"column":34},"end":{"line":41,"column":5}},"line":39},"8":{"name":"(anonymous_8)","decl":{"start":{"line":43,"column":4},"end":{"line":43,"column":5}},"loc":{"start":{"line":43,"column":32},"end":{"line":45,"column":5}},"line":43},"9":{"name":"(anonymous_9)","decl":{"start":{"line":47,"column":4},"end":{"line":47,"column":5}},"loc":{"start":{"line":47,"column":24},"end":{"line":49,"column":5}},"line":47},"10":{"name":"(anonymous_10)","decl":{"start":{"line":51,"column":4},"end":{"line":51,"column":5}},"loc":{"start":{"line":51,"column":26},"end":{"line":57,"column":5}},"line":51}},"branchMap":{"0":{"loc":{"start":{"line":5,"column":4},"end":{"line":6,"column":29}},"type":"if","locations":[{"start":{"line":5,"column":4},"end":{"line":6,"column":29}},{"start":{"line":6,"column":9},"end":{"line":6,"column":29}}],"line":5},"1":{"loc":{"start":{"line":14,"column":4},"end":{"line":15,"column":31}},"type":"if","locations":[{"start":{"line":14,"column":4},"end":{"line":15,"column":31}},{"start":{"line":15,"column":9},"end":{"line":15,"column":31}}],"line":14}},"s":{"0":1,"1":1,"2":11,"3":1,"4":10,"5":4,"6":3,"7":0,"8":3,"9":2,"10":1,"11":1,"12":1,"13":1,"14":4,"15":3,"16":2,"17":1,"18":0,"19":0,"20":0,"21":0,"22":0,"23":1},"f":{"0":11,"1":4,"2":3,"3":2,"4":1,"5":1,"6":4,"7":3,"8":2,"9":1,"10":0},"b":{"0":[1,10],"1":[0,3]},"_coverageSchema":"1a1c01bbd47fc00a2c39e90264f33305004495a9","hash":"df8bae32549b4713469057ba78a4ab87c0bc5aac"}
,"D:\\source\\tokenService\\src\\main\\server.js": {"path":"D:\\source\\tokenService\\src\\main\\server.js","statementMap":{"0":{"start":{"line":1,"column":14},"end":{"line":1,"column":32}},"1":{"start":{"line":2,"column":13},"end":{"line":2,"column":22}},"2":{"start":{"line":3,"column":13},"end":{"line":3,"column":30}},"3":{"start":{"line":4,"column":16},"end":{"line":4,"column":36}},"4":{"start":{"line":6,"column":0},"end":{"line":6,"column":27}},"5":{"start":{"line":7,"column":0},"end":{"line":7,"column":50}},"6":{"start":{"line":10,"column":4},"end":{"line":10,"column":47}},"7":{"start":{"line":13,"column":19},"end":{"line":13,"column":42}},"8":{"start":{"line":14,"column":12},"end":{"line":14,"column":28}},"9":{"start":{"line":16,"column":0},"end":{"line":20,"column":2}},"10":{"start":{"line":17,"column":17},"end":{"line":17,"column":27}},"11":{"start":{"line":18,"column":4},"end":{"line":18,"column":25}},"12":{"start":{"line":19,"column":4},"end":{"line":19,"column":40}},"13":{"start":{"line":22,"column":0},"end":{"line":35,"column":3}},"14":{"start":{"line":23,"column":4},"end":{"line":23,"column":26}},"15":{"start":{"line":24,"column":4},"end":{"line":24,"column":86}},"16":{"start":{"line":24,"column":34},"end":{"line":24,"column":86}},"17":{"start":{"line":25,"column":4},"end":{"line":31,"column":6}},"18":{"start":{"line":26,"column":21},"end":{"line":26,"column":41}},"19":{"start":{"line":27,"column":8},"end":{"line":30,"column":9}},"20":{"start":{"line":28,"column":28},"end":{"line":28,"column":86}},"21":{"start":{"line":29,"column":12},"end":{"line":29,"column":38}},"22":{"start":{"line":33,"column":19},"end":{"line":33,"column":52}},"23":{"start":{"line":34,"column":4},"end":{"line":34,"column":35}},"24":{"start":{"line":37,"column":0},"end":{"line":41,"column":3}},"25":{"start":{"line":38,"column":4},"end":{"line":38,"column":87}},"26":{"start":{"line":38,"column":35},"end":{"line":38,"column":87}},"27":{"start":{"line":39,"column":19},"end":{"line":39,"column":52}},"28":{"start":{"line":40,"column":4},"end":{"line":40,"column":35}},"29":{"start":{"line":44,"column":4},"end":{"line":44,"column":40}},"30":{"start":{"line":44,"column":27},"end":{"line":44,"column":40}},"31":{"start":{"line":45,"column":26},"end":{"line":45,"column":58}},"32":{"start":{"line":46,"column":4},"end":{"line":50,"column":5}},"33":{"start":{"line":46,"column":15},"end":{"line":46,"column":16}},"34":{"start":{"line":47,"column":8},"end":{"line":49,"column":9}},"35":{"start":{"line":48,"column":12},"end":{"line":48,"column":25}},"36":{"start":{"line":51,"column":4},"end":{"line":51,"column":16}},"37":{"start":{"line":55,"column":4},"end":{"line":55,"column":40}},"38":{"start":{"line":55,"column":27},"end":{"line":55,"column":40}},"39":{"start":{"line":56,"column":4},"end":{"line":60,"column":5}},"40":{"start":{"line":56,"column":15},"end":{"line":56,"column":16}},"41":{"start":{"line":57,"column":8},"end":{"line":59,"column":9}},"42":{"start":{"line":58,"column":12},"end":{"line":58,"column":25}},"43":{"start":{"line":61,"column":4},"end":{"line":61,"column":16}},"44":{"start":{"line":64,"column":13},"end":{"line":68,"column":2}},"45":{"start":{"line":65,"column":14},"end":{"line":65,"column":38}},"46":{"start":{"line":66,"column":14},"end":{"line":66,"column":35}},"47":{"start":{"line":67,"column":3},"end":{"line":67,"column":70}},"48":{"start":{"line":70,"column":0},"end":{"line":70,"column":24}}},"fnMap":{"0":{"name":"randomStringAsBase64Url","decl":{"start":{"line":9,"column":9},"end":{"line":9,"column":32}},"loc":{"start":{"line":9,"column":39},"end":{"line":11,"column":1}},"line":9},"1":{"name":"(anonymous_1)","decl":{"start":{"line":16,"column":24},"end":{"line":16,"column":25}},"loc":{"start":{"line":16,"column":44},"end":{"line":20,"column":1}},"line":16},"2":{"name":"(anonymous_2)","decl":{"start":{"line":22,"column":25},"end":{"line":22,"column":26}},"loc":{"start":{"line":22,"column":45},"end":{"line":35,"column":1}},"line":22},"3":{"name":"(anonymous_3)","decl":{"start":{"line":25,"column":21},"end":{"line":25,"column":22}},"loc":{"start":{"line":25,"column":39},"end":{"line":31,"column":5}},"line":25},"4":{"name":"(anonymous_4)","decl":{"start":{"line":37,"column":27},"end":{"line":37,"column":28}},"loc":{"start":{"line":37,"column":47},"end":{"line":41,"column":1}},"line":37},"5":{"name":"validateCards","decl":{"start":{"line":43,"column":9},"end":{"line":43,"column":22}},"loc":{"start":{"line":43,"column":29},"end":{"line":52,"column":1}},"line":43},"6":{"name":"validateTokens","decl":{"start":{"line":54,"column":9},"end":{"line":54,"column":23}},"loc":{"start":{"line":54,"column":30},"end":{"line":62,"column":1}},"line":54},"7":{"name":"(anonymous_7)","decl":{"start":{"line":64,"column":33},"end":{"line":64,"column":34}},"loc":{"start":{"line":64,"column":45},"end":{"line":68,"column":1}},"line":64}},"branchMap":{"0":{"loc":{"start":{"line":24,"column":4},"end":{"line":24,"column":86}},"type":"if","locations":[{"start":{"line":24,"column":4},"end":{"line":24,"column":86}},{"start":{},"end":{}}],"line":24},"1":{"loc":{"start":{"line":27,"column":8},"end":{"line":30,"column":9}},"type":"if","locations":[{"start":{"line":27,"column":8},"end":{"line":30,"column":9}},{"start":{},"end":{}}],"line":27},"2":{"loc":{"start":{"line":38,"column":4},"end":{"line":38,"column":87}},"type":"if","locations":[{"start":{"line":38,"column":4},"end":{"line":38,"column":87}},{"start":{},"end":{}}],"line":38},"3":{"loc":{"start":{"line":44,"column":4},"end":{"line":44,"column":40}},"type":"if","locations":[{"start":{"line":44,"column":4},"end":{"line":44,"column":40}},{"start":{},"end":{}}],"line":44},"4":{"loc":{"start":{"line":47,"column":8},"end":{"line":49,"column":9}},"type":"if","locations":[{"start":{"line":47,"column":8},"end":{"line":49,"column":9}},{"start":{},"end":{}}],"line":47},"5":{"loc":{"start":{"line":47,"column":12},"end":{"line":47,"column":73}},"type":"binary-expr","locations":[{"start":{"line":47,"column":12},"end":{"line":47,"column":32}},{"start":{"line":47,"column":36},"end":{"line":47,"column":73}}],"line":47},"6":{"loc":{"start":{"line":55,"column":4},"end":{"line":55,"column":40}},"type":"if","locations":[{"start":{"line":55,"column":4},"end":{"line":55,"column":40}},{"start":{},"end":{}}],"line":55},"7":{"loc":{"start":{"line":57,"column":8},"end":{"line":59,"column":9}},"type":"if","locations":[{"start":{"line":57,"column":8},"end":{"line":59,"column":9}},{"start":{},"end":{}}],"line":57}},"s":{"0":1,"1":1,"2":1,"3":1,"4":1,"5":1,"6":1,"7":1,"8":1,"9":1,"10":1,"11":1,"12":1,"13":1,"14":4,"15":4,"16":1,"17":3,"18":4,"19":4,"20":1,"21":1,"22":3,"23":3,"24":1,"25":3,"26":1,"27":2,"28":2,"29":4,"30":0,"31":4,"32":4,"33":4,"34":5,"35":1,"36":3,"37":3,"38":0,"39":3,"40":3,"41":4,"42":1,"43":2,"44":1,"45":1,"46":1,"47":1,"48":1},"f":{"0":1,"1":1,"2":4,"3":4,"4":3,"5":4,"6":3,"7":1},"b":{"0":[1,3],"1":[1,3],"2":[1,2],"3":[0,4],"4":[1,4],"5":[5,4],"6":[0,3],"7":[1,3]},"_coverageSchema":"1a1c01bbd47fc00a2c39e90264f33305004495a9","hash":"9d296cbf1d9d77161f44b731f64040e08b16600a"}
}
