{"D:\\source\\tokenService\\src\\main\\AccountDao.js": {"path":"D:\\source\\tokenService\\src\\main\\AccountDao.js","statementMap":{"0":{"start":{"line":1,"column":13},"end":{"line":1,"column":30}},"1":{"start":{"line":2,"column":11},"end":{"line":2,"column":31}},"2":{"start":{"line":6,"column":4},"end":{"line":7,"column":29}},"3":{"start":{"line":6,"column":25},"end":{"line":6,"column":37}},"4":{"start":{"line":7,"column":9},"end":{"line":7,"column":29}},"5":{"start":{"line":11,"column":4},"end":{"line":11,"column":35}},"6":{"start":{"line":15,"column":4},"end":{"line":16,"column":31}},"7":{"start":{"line":15,"column":25},"end":{"line":15,"column":37}},"8":{"start":{"line":16,"column":9},"end":{"line":16,"column":31}},"9":{"start":{"line":20,"column":4},"end":{"line":20,"column":42}},"10":{"start":{"line":25,"column":8},"end":{"line":25,"column":78}},"11":{"start":{"line":27,"column":8},"end":{"line":27,"column":107}},"12":{"start":{"line":28,"column":8},"end":{"line":28,"column":107}},"13":{"start":{"line":34,"column":8},"end":{"line":34,"column":49}},"14":{"start":{"line":38,"column":8},"end":{"line":38,"column":85}},"15":{"start":{"line":42,"column":8},"end":{"line":42,"column":93}},"16":{"start":{"line":46,"column":8},"end":{"line":46,"column":96}},"17":{"start":{"line":50,"column":8},"end":{"line":50,"column":59}},"18":{"start":{"line":54,"column":23},"end":{"line":54,"column":25}},"19":{"start":{"line":55,"column":8},"end":{"line":57,"column":9}},"20":{"start":{"line":55,"column":18},"end":{"line":55,"column":19}},"21":{"start":{"line":56,"column":12},"end":{"line":56,"column":71}},"22":{"start":{"line":58,"column":8},"end":{"line":58,"column":23}},"23":{"start":{"line":62,"column":0},"end":{"line":62,"column":28}}},"fnMap":{"0":{"name":"tidyResult","decl":{"start":{"line":4,"column":9},"end":{"line":4,"column":19}},"loc":{"start":{"line":4,"column":28},"end":{"line":8,"column":1}},"line":4},"1":{"name":"tidyResults","decl":{"start":{"line":10,"column":9},"end":{"line":10,"column":20}},"loc":{"start":{"line":10,"column":30},"end":{"line":12,"column":1}},"line":10},"2":{"name":"tidyAccountResult","decl":{"start":{"line":14,"column":9},"end":{"line":14,"column":26}},"loc":{"start":{"line":14,"column":35},"end":{"line":17,"column":1}},"line":14},"3":{"name":"tidyAccountResults","decl":{"start":{"line":19,"column":9},"end":{"line":19,"column":27}},"loc":{"start":{"line":19,"column":37},"end":{"line":21,"column":1}},"line":19},"4":{"name":"(anonymous_4)","decl":{"start":{"line":24,"column":4},"end":{"line":24,"column":5}},"loc":{"start":{"line":24,"column":18},"end":{"line":31,"column":5}},"line":24},"5":{"name":"(anonymous_5)","decl":{"start":{"line":33,"column":4},"end":{"line":33,"column":5}},"loc":{"start":{"line":33,"column":11},"end":{"line":35,"column":5}},"line":33},"6":{"name":"(anonymous_6)","decl":{"start":{"line":37,"column":4},"end":{"line":37,"column":5}},"loc":{"start":{"line":37,"column":21},"end":{"line":39,"column":5}},"line":37},"7":{"name":"(anonymous_7)","decl":{"start":{"line":41,"column":4},"end":{"line":41,"column":5}},"loc":{"start":{"line":41,"column":34},"end":{"line":43,"column":5}},"line":41},"8":{"name":"(anonymous_8)","decl":{"start":{"line":45,"column":4},"end":{"line":45,"column":5}},"loc":{"start":{"line":45,"column":32},"end":{"line":47,"column":5}},"line":45},"9":{"name":"(anonymous_9)","decl":{"start":{"line":49,"column":4},"end":{"line":49,"column":5}},"loc":{"start":{"line":49,"column":24},"end":{"line":51,"column":5}},"line":49},"10":{"name":"(anonymous_10)","decl":{"start":{"line":53,"column":4},"end":{"line":53,"column":5}},"loc":{"start":{"line":53,"column":26},"end":{"line":59,"column":5}},"line":53}},"branchMap":{"0":{"loc":{"start":{"line":6,"column":4},"end":{"line":7,"column":29}},"type":"if","locations":[{"start":{"line":6,"column":4},"end":{"line":7,"column":29}},{"start":{"line":7,"column":9},"end":{"line":7,"column":29}}],"line":6},"1":{"loc":{"start":{"line":15,"column":4},"end":{"line":16,"column":31}},"type":"if","locations":[{"start":{"line":15,"column":4},"end":{"line":16,"column":31}},{"start":{"line":16,"column":9},"end":{"line":16,"column":31}}],"line":15}},"s":{"0":1,"1":1,"2":4,"3":0,"4":4,"5":2,"6":1,"7":0,"8":1,"9":1,"10":1,"11":1,"12":1,"13":1,"14":1,"15":1,"16":1,"17":0,"18":0,"19":0,"20":0,"21":0,"22":0,"23":1},"f":{"0":4,"1":2,"2":1,"3":1,"4":1,"5":1,"6":1,"7":1,"8":1,"9":0,"10":0},"b":{"0":[0,4],"1":[0,1]},"_coverageSchema":"1a1c01bbd47fc00a2c39e90264f33305004495a9","hash":"f22b0bebfbfa6f39af673d75d79ba6181ee53276"}
,"D:\\source\\tokenService\\src\\main\\server.js": {"path":"D:\\source\\tokenService\\src\\main\\server.js","statementMap":{"0":{"start":{"line":1,"column":14},"end":{"line":1,"column":32}},"1":{"start":{"line":2,"column":13},"end":{"line":2,"column":22}},"2":{"start":{"line":3,"column":13},"end":{"line":3,"column":30}},"3":{"start":{"line":4,"column":16},"end":{"line":4,"column":36}},"4":{"start":{"line":6,"column":0},"end":{"line":6,"column":27}},"5":{"start":{"line":7,"column":0},"end":{"line":7,"column":50}},"6":{"start":{"line":10,"column":4},"end":{"line":10,"column":47}},"7":{"start":{"line":13,"column":19},"end":{"line":13,"column":42}},"8":{"start":{"line":14,"column":12},"end":{"line":14,"column":28}},"9":{"start":{"line":16,"column":23},"end":{"line":21,"column":24}},"10":{"start":{"line":23,"column":15},"end":{"line":27,"column":16}},"11":{"start":{"line":29,"column":0},"end":{"line":33,"column":2}},"12":{"start":{"line":30,"column":17},"end":{"line":30,"column":27}},"13":{"start":{"line":31,"column":4},"end":{"line":31,"column":25}},"14":{"start":{"line":32,"column":4},"end":{"line":32,"column":40}},"15":{"start":{"line":35,"column":0},"end":{"line":48,"column":3}},"16":{"start":{"line":36,"column":4},"end":{"line":36,"column":26}},"17":{"start":{"line":37,"column":4},"end":{"line":37,"column":86}},"18":{"start":{"line":37,"column":34},"end":{"line":37,"column":86}},"19":{"start":{"line":38,"column":4},"end":{"line":44,"column":6}},"20":{"start":{"line":39,"column":21},"end":{"line":39,"column":41}},"21":{"start":{"line":40,"column":8},"end":{"line":43,"column":9}},"22":{"start":{"line":41,"column":28},"end":{"line":41,"column":86}},"23":{"start":{"line":42,"column":12},"end":{"line":42,"column":38}},"24":{"start":{"line":46,"column":19},"end":{"line":46,"column":52}},"25":{"start":{"line":47,"column":4},"end":{"line":47,"column":35}},"26":{"start":{"line":50,"column":0},"end":{"line":54,"column":3}},"27":{"start":{"line":51,"column":4},"end":{"line":51,"column":87}},"28":{"start":{"line":51,"column":35},"end":{"line":51,"column":87}},"29":{"start":{"line":52,"column":19},"end":{"line":52,"column":52}},"30":{"start":{"line":53,"column":4},"end":{"line":53,"column":35}},"31":{"start":{"line":57,"column":4},"end":{"line":57,"column":40}},"32":{"start":{"line":57,"column":27},"end":{"line":57,"column":40}},"33":{"start":{"line":58,"column":26},"end":{"line":58,"column":58}},"34":{"start":{"line":59,"column":4},"end":{"line":63,"column":5}},"35":{"start":{"line":59,"column":15},"end":{"line":59,"column":16}},"36":{"start":{"line":60,"column":8},"end":{"line":62,"column":9}},"37":{"start":{"line":61,"column":12},"end":{"line":61,"column":25}},"38":{"start":{"line":64,"column":4},"end":{"line":64,"column":16}},"39":{"start":{"line":68,"column":4},"end":{"line":68,"column":40}},"40":{"start":{"line":68,"column":27},"end":{"line":68,"column":40}},"41":{"start":{"line":69,"column":4},"end":{"line":73,"column":5}},"42":{"start":{"line":69,"column":15},"end":{"line":69,"column":16}},"43":{"start":{"line":70,"column":8},"end":{"line":72,"column":9}},"44":{"start":{"line":71,"column":12},"end":{"line":71,"column":25}},"45":{"start":{"line":74,"column":4},"end":{"line":74,"column":16}},"46":{"start":{"line":77,"column":13},"end":{"line":81,"column":2}},"47":{"start":{"line":78,"column":14},"end":{"line":78,"column":38}},"48":{"start":{"line":79,"column":14},"end":{"line":79,"column":35}},"49":{"start":{"line":80,"column":3},"end":{"line":80,"column":70}},"50":{"start":{"line":83,"column":0},"end":{"line":83,"column":24}}},"fnMap":{"0":{"name":"randomStringAsBase64Url","decl":{"start":{"line":9,"column":9},"end":{"line":9,"column":32}},"loc":{"start":{"line":9,"column":39},"end":{"line":11,"column":1}},"line":9},"1":{"name":"(anonymous_1)","decl":{"start":{"line":29,"column":24},"end":{"line":29,"column":25}},"loc":{"start":{"line":29,"column":44},"end":{"line":33,"column":1}},"line":29},"2":{"name":"(anonymous_2)","decl":{"start":{"line":35,"column":25},"end":{"line":35,"column":26}},"loc":{"start":{"line":35,"column":45},"end":{"line":48,"column":1}},"line":35},"3":{"name":"(anonymous_3)","decl":{"start":{"line":38,"column":21},"end":{"line":38,"column":22}},"loc":{"start":{"line":38,"column":39},"end":{"line":44,"column":5}},"line":38},"4":{"name":"(anonymous_4)","decl":{"start":{"line":50,"column":27},"end":{"line":50,"column":28}},"loc":{"start":{"line":50,"column":47},"end":{"line":54,"column":1}},"line":50},"5":{"name":"validateCards","decl":{"start":{"line":56,"column":9},"end":{"line":56,"column":22}},"loc":{"start":{"line":56,"column":29},"end":{"line":65,"column":1}},"line":56},"6":{"name":"validateTokens","decl":{"start":{"line":67,"column":9},"end":{"line":67,"column":23}},"loc":{"start":{"line":67,"column":30},"end":{"line":75,"column":1}},"line":67},"7":{"name":"(anonymous_7)","decl":{"start":{"line":77,"column":33},"end":{"line":77,"column":34}},"loc":{"start":{"line":77,"column":45},"end":{"line":81,"column":1}},"line":77}},"branchMap":{"0":{"loc":{"start":{"line":37,"column":4},"end":{"line":37,"column":86}},"type":"if","locations":[{"start":{"line":37,"column":4},"end":{"line":37,"column":86}},{"start":{},"end":{}}],"line":37},"1":{"loc":{"start":{"line":40,"column":8},"end":{"line":43,"column":9}},"type":"if","locations":[{"start":{"line":40,"column":8},"end":{"line":43,"column":9}},{"start":{},"end":{}}],"line":40},"2":{"loc":{"start":{"line":51,"column":4},"end":{"line":51,"column":87}},"type":"if","locations":[{"start":{"line":51,"column":4},"end":{"line":51,"column":87}},{"start":{},"end":{}}],"line":51},"3":{"loc":{"start":{"line":57,"column":4},"end":{"line":57,"column":40}},"type":"if","locations":[{"start":{"line":57,"column":4},"end":{"line":57,"column":40}},{"start":{},"end":{}}],"line":57},"4":{"loc":{"start":{"line":60,"column":8},"end":{"line":62,"column":9}},"type":"if","locations":[{"start":{"line":60,"column":8},"end":{"line":62,"column":9}},{"start":{},"end":{}}],"line":60},"5":{"loc":{"start":{"line":60,"column":12},"end":{"line":60,"column":73}},"type":"binary-expr","locations":[{"start":{"line":60,"column":12},"end":{"line":60,"column":32}},{"start":{"line":60,"column":36},"end":{"line":60,"column":73}}],"line":60},"6":{"loc":{"start":{"line":68,"column":4},"end":{"line":68,"column":40}},"type":"if","locations":[{"start":{"line":68,"column":4},"end":{"line":68,"column":40}},{"start":{},"end":{}}],"line":68},"7":{"loc":{"start":{"line":70,"column":8},"end":{"line":72,"column":9}},"type":"if","locations":[{"start":{"line":70,"column":8},"end":{"line":72,"column":9}},{"start":{},"end":{}}],"line":70}},"s":{"0":1,"1":1,"2":1,"3":1,"4":1,"5":1,"6":0,"7":1,"8":1,"9":1,"10":1,"11":1,"12":1,"13":1,"14":1,"15":1,"16":1,"17":1,"18":0,"19":1,"20":1,"21":1,"22":0,"23":0,"24":1,"25":1,"26":1,"27":1,"28":0,"29":1,"30":1,"31":1,"32":0,"33":1,"34":1,"35":1,"36":1,"37":0,"38":1,"39":1,"40":0,"41":1,"42":1,"43":1,"44":0,"45":1,"46":1,"47":1,"48":1,"49":1,"50":1},"f":{"0":0,"1":1,"2":1,"3":1,"4":1,"5":1,"6":1,"7":1},"b":{"0":[0,1],"1":[0,1],"2":[0,1],"3":[0,1],"4":[0,1],"5":[1,1],"6":[0,1],"7":[0,1]},"_coverageSchema":"1a1c01bbd47fc00a2c39e90264f33305004495a9","hash":"d8fc5dd621e9ce50169653f00e7cd33b2298479c"}
}
