TN:
SF:src\main\AccountDao.js
FN:4,tidyResult
FN:9,tidyResults
FN:13,tidyAccountResult
FN:18,tidyAccountResults
FN:23,(anonymous_4)
FN:31,(anonymous_5)
FN:35,(anonymous_6)
FN:39,(anonymous_7)
FN:43,(anonymous_8)
FN:47,(anonymous_9)
FN:51,(anonymous_10)
FNF:11
FNH:10
FNDA:11,tidyResult
FNDA:4,tidyResults
FNDA:3,tidyAccountResult
FNDA:2,tidyAccountResults
FNDA:1,(anonymous_4)
FNDA:1,(anonymous_5)
FNDA:4,(anonymous_6)
FNDA:3,(anonymous_7)
FNDA:2,(anonymous_8)
FNDA:1,(anonymous_9)
FNDA:0,(anonymous_10)
DA:1,1
DA:2,1
DA:5,11
DA:6,10
DA:10,4
DA:14,3
DA:15,3
DA:19,2
DA:24,1
DA:26,1
DA:27,1
DA:32,1
DA:36,4
DA:40,3
DA:44,2
DA:48,1
DA:52,0
DA:53,0
DA:54,0
DA:56,0
DA:60,1
LF:21
LH:17
BRDA:5,0,0,1
BRDA:5,0,1,10
BRDA:14,1,0,0
BRDA:14,1,1,3
BRF:4
BRH:3
end_of_record
TN:
SF:src\main\server.js
FN:9,randomStringAsBase64Url
FN:16,(anonymous_1)
FN:22,(anonymous_2)
FN:25,(anonymous_3)
FN:37,(anonymous_4)
FN:43,validateCards
FN:54,validateTokens
FN:64,(anonymous_7)
FNF:8
FNH:8
FNDA:1,randomStringAsBase64Url
FNDA:1,(anonymous_1)
FNDA:4,(anonymous_2)
FNDA:4,(anonymous_3)
FNDA:3,(anonymous_4)
FNDA:4,validateCards
FNDA:3,validateTokens
FNDA:1,(anonymous_7)
DA:1,1
DA:2,1
DA:3,1
DA:4,1
DA:6,1
DA:7,1
DA:10,1
DA:13,1
DA:14,1
DA:16,1
DA:17,1
DA:18,1
DA:19,1
DA:22,1
DA:23,4
DA:24,4
DA:25,3
DA:26,4
DA:27,4
DA:28,1
DA:29,1
DA:33,3
DA:34,3
DA:37,1
DA:38,3
DA:39,2
DA:40,2
DA:44,4
DA:45,4
DA:46,4
DA:47,5
DA:48,1
DA:51,3
DA:55,3
DA:56,3
DA:57,4
DA:58,1
DA:61,2
DA:64,1
DA:65,1
DA:66,1
DA:67,1
DA:70,1
LF:43
LH:43
BRDA:24,0,0,1
BRDA:24,0,1,3
BRDA:27,1,0,1
BRDA:27,1,1,3
BRDA:38,2,0,1
BRDA:38,2,1,2
BRDA:44,3,0,0
BRDA:44,3,1,4
BRDA:47,4,0,1
BRDA:47,4,1,4
BRDA:47,5,0,5
BRDA:47,5,1,4
BRDA:55,6,0,0
BRDA:55,6,1,3
BRDA:57,7,0,1
BRDA:57,7,1,3
BRF:16
BRH:14
end_of_record
