TN:
SF:src\main\AccountDao.js
FN:4,tidyResult
FN:9,tidyResults
FN:13,tidyAccountResult
FN:18,tidyAccountResults
FN:23,(anonymous_4)
FN:31,(anonymous_5)
FN:35,(anonymous_6)
FN:39,(anonymous_7)
FN:43,(anonymous_8)
FN:47,(anonymous_9)
FN:51,(anonymous_10)
FNF:11
FNH:10
FNDA:11,tidyResult
FNDA:4,tidyResults
FNDA:3,tidyAccountResult
FNDA:2,tidyAccountResults
FNDA:1,(anonymous_4)
FNDA:1,(anonymous_5)
FNDA:4,(anonymous_6)
FNDA:3,(anonymous_7)
FNDA:2,(anonymous_8)
FNDA:1,(anonymous_9)
FNDA:0,(anonymous_10)
DA:1,1
DA:2,1
DA:5,11
DA:6,10
DA:10,4
DA:14,3
DA:15,3
DA:19,2
DA:24,1
DA:26,1
DA:27,1
DA:32,1
DA:36,4
DA:40,3
DA:44,2
DA:48,1
DA:52,0
DA:53,0
DA:54,0
DA:56,0
DA:60,1
LF:21
LH:17
BRDA:5,0,0,1
BRDA:5,0,1,10
BRDA:14,1,0,0
BRDA:14,1,1,3
BRF:4
BRH:3
end_of_record
TN:
SF:src\main\server.js
FN:9,(anonymous_0)
FN:15,randomStringAsBase64Url
FN:22,(anonymous_2)
FN:28,(anonymous_3)
FN:31,(anonymous_4)
FN:43,(anonymous_5)
FN:49,validateCards
FN:60,validateTokens
FNF:8
FNH:8
FNDA:8,(anonymous_0)
FNDA:1,randomStringAsBase64Url
FNDA:1,(anonymous_2)
FNDA:4,(anonymous_3)
FNDA:4,(anonymous_4)
FNDA:3,(anonymous_5)
FNDA:4,validateCards
FNDA:3,validateTokens
DA:1,1
DA:2,1
DA:3,1
DA:4,1
DA:6,1
DA:7,1
DA:9,1
DA:10,8
DA:11,8
DA:12,8
DA:16,1
DA:19,1
DA:20,1
DA:22,1
DA:23,1
DA:24,1
DA:25,1
DA:28,1
DA:29,4
DA:30,4
DA:31,3
DA:32,4
DA:33,4
DA:34,1
DA:35,1
DA:39,3
DA:40,3
DA:43,1
DA:44,3
DA:45,2
DA:46,2
DA:50,4
DA:51,4
DA:52,4
DA:53,5
DA:54,1
DA:57,3
DA:61,3
DA:62,3
DA:63,4
DA:64,1
DA:67,2
DA:76,1
LF:43
LH:43
BRDA:30,0,0,1
BRDA:30,0,1,3
BRDA:33,1,0,1
BRDA:33,1,1,3
BRDA:44,2,0,1
BRDA:44,2,1,2
BRDA:50,3,0,0
BRDA:50,3,1,4
BRDA:53,4,0,1
BRDA:53,4,1,4
BRDA:53,5,0,5
BRDA:53,5,1,4
BRDA:61,6,0,0
BRDA:61,6,1,3
BRDA:63,7,0,1
BRDA:63,7,1,3
BRF:16
BRH:14
end_of_record
